2021-06-06 12:51:40,833 INFO ConfigDriver [main] Старт теста
2021-06-06 12:55:13,136 INFO ConfigDriver [main] Старт теста
2021-06-06 12:55:19,884 INFO ConfigDriver [main] Загружена страница Онлайн‑курсы для профессионалов, дистанционное обучение современным профессиям
2021-06-06 12:56:07,894 INFO ConfigDriver [main] Старт теста
2021-06-06 12:56:15,241 INFO ConfigDriver [main] Загружена страница Онлайн‑курсы для профессионалов, дистанционное обучение современным профессиям
2021-06-06 12:57:43,482 INFO ConfigDriver [main] Старт теста
2021-06-06 12:57:50,951 INFO ConfigDriver [main] Загружена страница Онлайн‑курсы для профессионалов, дистанционное обучение современным профессиям
2021-06-06 13:10:04,673 INFO ConfigDriver [main] Старт теста
2021-06-06 13:10:11,302 INFO ConfigDriver [main] Загружена страница Онлайн‑курсы для профессионалов, дистанционное обучение современным профессиям
2021-06-06 13:40:57,224 INFO ConfigDriver [main] Старт теста
2021-06-06 13:41:03,070 INFO ConfigDriver [main] Загружена страница Онлайн‑курсы для профессионалов, дистанционное обучение современным профессиям
2021-06-06 13:43:30,135 INFO ConfigDriver [main] Старт теста
2021-06-06 13:43:35,225 INFO ConfigDriver [main] Загружена страница Онлайн‑курсы для профессионалов, дистанционное обучение современным профессиям
2021-06-06 13:43:44,102 INFO ConfigDriver [main] 125166, г. Москва, Нарышкинская аллея., д. 5, стр. 2, тел. +7 499 938-92-02
2021-06-06 13:43:45,148 INFO ConfigDriver [main] 125167, г. Москва, Нарышкинская аллея., д. 5, стр. 2, тел. +7 499 938-92-02
2021-06-06 13:51:05,885 INFO ConfigDriver [main] Старт теста
2021-06-06 13:51:11,415 INFO ConfigDriver [main] Загружена страница Онлайн‑курсы для профессионалов, дистанционное обучение современным профессиям
2021-06-06 13:51:19,527 INFO ConfigDriver [main] 125167, г. Москва, Нарышкинская аллея., д. 5, стр. 2, тел. +7 499 938-92-02
2021-06-06 13:51:19,759 INFO ConfigDriver [main] 125167, г. Москва, Нарышкинская аллея., д. 5, стр. 2, тел. +7 499 938-92-02
2021-06-06 13:54:14,496 INFO ConfigDriver [main] Старт теста
2021-06-06 13:54:21,016 INFO ConfigDriver [main] Загружена страница https://otus.ru/
2021-06-06 13:54:28,750 INFO ConfigDriver [main] 125167, г. Москва, Нарышкинская аллея., д. 5, стр. 2, тел. +7 499 938-92-02
2021-06-06 13:54:29,853 INFO ConfigDriver [main] 125167, г. Москва, Нарышкинская аллея., д. 5, стр. 2, тел. +7 499 938-92-02
2021-06-06 13:55:24,891 INFO ConfigDriver [main] Название страницы ожидание:Онлайн‑курсы для профессионалов, дистанционное обучение современным профессиям
2021-06-06 13:55:25,206 INFO ConfigDriver [main] Название страницы актуальное:Онлайн‑курсы для профессионалов, дистанционное обучение современным профессиям
2021-06-06 13:55:30,018 INFO ConfigDriver [main] Старт теста
2021-06-06 13:55:35,243 INFO ConfigDriver [main] Загружена страница https://otus.ru/
2021-06-06 13:55:43,663 INFO ConfigDriver [main] 125167, г. Москва, Нарышкинская аллея., д. 5, стр. 2, тел. +7 499 938-92-02
2021-06-06 13:55:44,578 INFO ConfigDriver [main] 125167, г. Москва, Нарышкинская аллея., д. 5, стр. 2, тел. +7 499 938-92-02
2021-06-06 13:56:47,908 INFO ConfigDriver [main] Название страницы ожидание:Онлайн‑курсы для профессионалов, дистанционное обучение современным профессиям
2021-06-06 13:56:49,088 INFO ConfigDriver [main] Название страницы актуальное:Онлайн‑курсы для профессионалов, дистанционное обучение современным профессиям
2021-06-06 13:57:29,263 INFO ConfigDriver [main] Название страницы ожидание:Онлайн‑курсы для профессионалов, дистанционное обучение современным профессиям
2021-06-06 13:57:29,583 INFO ConfigDriver [main] Название страницы актуальное:Онлайн‑курсы для профессионалов, дистанционное обучение современным профессиям
2021-06-06 13:57:35,359 INFO ConfigDriver [main] Старт теста
2021-06-06 13:57:40,573 INFO ConfigDriver [main] Загружена страница https://otus.ru/
2021-06-06 13:57:49,648 INFO ConfigDriver [main] 125167, г. Москва, Нарышкинская аллея., д. 5, стр. 2, тел. +7 499 938-92-02
2021-06-06 13:57:50,476 INFO ConfigDriver [main] 125167, г. Москва, Нарышкинская аллея., д. 5, стр. 2, тел. +7 499 938-92-02
2021-06-06 14:02:40,454 INFO ConfigDriver [main] Название страницы ожидание:Онлайн‑курсы для профессионалов, дистанционное обучение современным профессиям
2021-06-06 14:02:40,486 INFO ConfigDriver [main] Название страницы актуальное:
2021-06-06 14:02:45,303 INFO ConfigDriver [main] Загружена страница data:,
2021-06-06 14:04:01,731 INFO ConfigDriver [main] Загружена страница data:,
2021-06-06 14:06:39,427 INFO ConfigDriver [main] Старт теста
2021-06-06 14:06:41,128 INFO ConfigDriver [main] Старт теста
2021-06-06 14:06:44,777 INFO ConfigDriver [main] Название страницы ожидание:Онлайн‑курсы для профессионалов, дистанционное обучение современным профессиям
2021-06-06 14:06:44,842 INFO ConfigDriver [main] Название страницы актуальное:Онлайн‑курсы для профессионалов, дистанционное обучение современным профессиям
2021-06-06 14:06:47,125 INFO ConfigDriver [main] Название страницы ожидание:Онлайн‑курсы для профессионалов, дистанционное обучение современным профессиям
2021-06-06 14:06:47,626 INFO ConfigDriver [main] Название страницы актуальное:Онлайн‑курсы для профессионалов, дистанционное обучение современным профессиям
2021-06-06 14:06:49,617 INFO ConfigDriver [main] Старт теста
2021-06-06 14:06:52,528 INFO ConfigDriver [main] Старт теста
2021-06-06 14:06:55,242 INFO ConfigDriver [main] Загружена страница https://otus.ru/
2021-06-06 14:07:01,600 INFO ConfigDriver [main] Загружена страница https://otus.ru/
2021-06-06 14:07:07,592 INFO ConfigDriver [main] 125167, г. Москва, Нарышкинская аллея., д. 5, стр. 2, тел. +7 499 938-92-02
2021-06-06 14:07:07,987 INFO ConfigDriver [main] 125167, г. Москва, Нарышкинская аллея., д. 5, стр. 2, тел. +7 499 938-92-02
2021-06-06 14:07:12,387 INFO ConfigDriver [main] 125167, г. Москва, Нарышкинская аллея., д. 5, стр. 2, тел. +7 499 938-92-02
2021-06-06 14:07:12,474 INFO ConfigDriver [main] 125167, г. Москва, Нарышкинская аллея., д. 5, стр. 2, тел. +7 499 938-92-02
2021-06-06 14:27:00,483 INFO ConfigDriver [main] Поиск номера телефона,содержащего 97
2021-06-06 15:17:08,401 INFO ConfigDriver [main] Ответ ожидаемыйПрограмму курса в сжатом виде можно увидеть на странице курса после блока с преподавателями. Подробную программу курса можно скачать кликнув на “Скачать подробную программу курса”
2021-06-06 15:17:08,404 INFO ConfigDriver [main] Ответ актуальный[[ChromeDriver: chrome on MAC (001b964f13d8e8ff7084abe0ec6bfde1)] -> xpath: /html/body/div[1]/div/div[3]/div[2]/div[2]/div[4]/div[2]]
2021-06-06 15:18:01,700 INFO ConfigDriver [main] Ответ ожидаемыйПрограмму курса в сжатом виде можно увидеть на странице курса после блока с преподавателями. Подробную программу курса можно скачать кликнув на “Скачать подробную программу курса”
2021-06-06 15:18:01,722 INFO ConfigDriver [main] Ответ актуальныйПрограмму курса в сжатом виде можно увидеть на странице курса после блока с преподавателями. Подробную программу курса можно скачать кликнув на “Скачать подробную программу курса”
2021-06-06 16:01:27,501 INFO ConfigDriver [main] Ожидаемое сообщение после нажатия "Подписаться "Вы успешно подписались
2021-06-06 16:01:27,503 INFO ConfigDriver [main] Актуальное сообщение после нажатия "Подписаться "[[ChromeDriver: chrome on MAC (2d15117fa4eeaf79e3bca787fd9865ba)] -> css selector: .subscribe-modal__success]
2021-06-06 16:02:10,431 INFO ConfigDriver [main] Ожидаемое сообщение после нажатия "Подписаться "Вы успешно подписались
2021-06-06 16:02:10,445 INFO ConfigDriver [main] Актуальное сообщение после нажатия "Подписаться "Вы успешно подписались
